<?xml version="1.0" encoding="UTF-8"?>
<!-- Generated by org.testng.reporters.JUnitReportReporter -->
<testsuite hostname="DESKTOP-B8RRQTJ" failures="0" tests="3" name="dev.elementslearning.FlujoCompra" time="13.539" errors="0" timestamp="2022-02-06T19:06:56 CST" skipped="0">
  <testcase classname="dev.elementslearning.FlujoCompra" name="login" time="5.549"/>
  <system-out/>
  <testcase classname="dev.elementslearning.FlujoCompra" name="comprar" time="7.298"/>
  <system-out/>
  <testcase classname="dev.elementslearning.FlujoCompra" name="salir" time="0.692"/>
  <system-out/>
</testsuite> <!-- dev.elementslearning.FlujoCompra -->
