<?xml version="1.0" encoding="UTF-8"?>
<!-- Generated by org.testng.reporters.JUnitReportReporter -->
<testsuite hostname="DESKTOP-B8RRQTJ" failures="0" tests="1" name="dev.elementslearning.Login" time="5.660" errors="0" timestamp="2022-02-06T11:40:43 CST" skipped="0">
  <testcase classname="dev.elementslearning.Login" name="login1" time="5.660"/>
  <system-out/>
</testsuite> <!-- dev.elementslearning.Login -->
