<?xml version="1.0" encoding="UTF-8"?>
<!-- Generated by org.testng.reporters.JUnitReportReporter -->
<testsuite hostname="DESKTOP-B8RRQTJ" failures="0" tests="1" name="dev.elementslearning.LogOut" time="9.243" errors="0" timestamp="2022-02-06T19:17:47 CST" skipped="0">
  <testcase classname="dev.elementslearning.LogOut" name="logout1" time="9.243"/>
  <system-out/>
</testsuite> <!-- dev.elementslearning.LogOut -->
