<?xml version="1.0" encoding="UTF-8"?>
<!-- Generated by org.testng.reporters.JUnitReportReporter -->
<testsuite hostname="DESKTOP-B8RRQTJ" failures="0" tests="2" name="dev.elementslearning.Buy" time="12.764" errors="0" timestamp="2022-02-06T17:12:12 CST" skipped="0">
  <testcase classname="dev.elementslearning.Buy" name="login" time="5.520"/>
  <system-out/>
  <testcase classname="dev.elementslearning.Buy" name="compra" time="7.244"/>
  <system-out/>
</testsuite> <!-- dev.elementslearning.Buy -->
