<?xml version="1.0" encoding="UTF-8"?>
<!-- Generated by org.testng.reporters.JUnitReportReporter -->
<testsuite hostname="DESKTOP-B8RRQTJ" failures="0" tests="2" name="dev.elementslearning.SingUp" time="8.573" errors="0" timestamp="2022-02-05T22:47:15 CST" skipped="0">
  <testcase classname="dev.elementslearning.SingUp" name="sesion" time="4.561"/>
  <system-out/>
  <testcase classname="dev.elementslearning.SingUp" name="form" time="4.012"/>
  <system-out/>
</testsuite> <!-- dev.elementslearning.SingUp -->
