<?xml version="1.0" encoding="UTF-8"?>
<!-- Generated by org.testng.reporters.JUnitReportReporter -->
<testsuite hostname="DESKTOP-B8RRQTJ" failures="0" tests="3" name="dev.elementslearning.Flujo" time="21.070" errors="0" timestamp="2022-02-06T20:00:15 CST" skipped="0">
  <testcase classname="dev.elementslearning.Flujo" name="reg" time="15.183"/>
  <system-out/>
  <testcase classname="dev.elementslearning.Flujo" name="salir" time="0.751"/>
  <system-out/>
  <testcase classname="dev.elementslearning.Flujo" name="login" time="5.136"/>
  <system-out/>
</testsuite> <!-- dev.elementslearning.Flujo -->
